<?xml version="1.0" encoding="UTF-8"?>
<robot generator="Robot 4.1 (Python 3.9.1 on win32)" generated="20211108 14:39:10.955" rpa="false" schemaversion="2">
<suite id="s1" name="Specs" source="D:\prgramacion\rfw\Test API da Mavel API\specs">
<suite id="s1-s1" name="CreateCharacters" source="D:\prgramacion\rfw\Test API da Mavel API\specs\CreateCharacters.robot">
<kw name="Super Setup" library="Base" type="SETUP">
<arg>emma1909@gmail.com</arg>
<kw name="Set Client Key" library="Base">
<arg>${e-mail}</arg>
<kw name="Create Dictionary" library="BuiltIn">
<var>&amp;{usuario}</var>
<arg>email=${email}</arg>
<doc>Creates and returns a dictionary based on the given ``items``.</doc>
<msg timestamp="20211108 14:39:11.253" level="INFO">&amp;{usuario} = { email=emma1909@gmail.com }</msg>
<status status="PASS" starttime="20211108 14:39:11.252" endtime="20211108 14:39:11.253"/>
</kw>
<kw name="POST" library="RequestsLibrary">
<var>${response}</var>
<arg>${API_URL}/accounts</arg>
<arg>json=${usuario}</arg>
<doc>Sends a POST request.</doc>
<msg timestamp="20211108 14:39:19.135" level="INFO">POST Request : url=http://marvel.qaninja.academy/accounts 
 path_url=/accounts 
 headers={'User-Agent': 'python-requests/2.26.0', 'Accept-Encoding': 'gzip, deflate', 'Accept': '*/*', 'Connection': 'keep-alive', 'Content-Length': '31', 'Content-Type': 'application/json'} 
 body=b'{"email": "emma1909@gmail.com"}' 
 </msg>
<msg timestamp="20211108 14:39:19.135" level="INFO">POST Response : url=http://marvel.qaninja.academy/accounts 
 status=200, reason=OK 
 headers={'Server': 'Cowboy', 'Connection': 'keep-alive', 'X-Powered-By': 'Express', 'Access-Control-Allow-Origin': '*', 'Content-Type': 'application/json; charset=utf-8', 'Content-Length': '41', 'Etag': 'W/"29-XBQ8LrYw5QTcuyH+pJ0iO8NmqFo"', 'Date': 'Mon, 08 Nov 2021 17:39:19 GMT', 'Via': '1.1 vegur'} 
 body={"client_key":"61301299874ab200165f121c"} 
 </msg>
<msg timestamp="20211108 14:39:19.136" level="INFO">${response} = &lt;Response [200]&gt;</msg>
<status status="PASS" starttime="20211108 14:39:11.253" endtime="20211108 14:39:19.136"/>
</kw>
<kw name="Set Variable" library="BuiltIn">
<var>${client_key}</var>
<arg>${response.json()}[client_key]</arg>
<doc>Returns the given values which can then be assigned to a variables.</doc>
<msg timestamp="20211108 14:39:19.137" level="INFO">${client_key} = 61301299874ab200165f121c</msg>
<status status="PASS" starttime="20211108 14:39:19.136" endtime="20211108 14:39:19.137"/>
</kw>
<kw name="Create Dictionary" library="BuiltIn">
<var>&amp;{HEADERS}</var>
<arg>client_key=${client_key}</arg>
<doc>Creates and returns a dictionary based on the given ``items``.</doc>
<msg timestamp="20211108 14:39:19.137" level="INFO">&amp;{HEADERS} = { client_key=61301299874ab200165f121c }</msg>
<status status="PASS" starttime="20211108 14:39:19.137" endtime="20211108 14:39:19.137"/>
</kw>
<kw name="Set Suite Variable" library="BuiltIn">
<arg>${HEADERS}</arg>
<doc>Makes a variable available everywhere within the scope of the current suite.</doc>
<msg timestamp="20211108 14:39:19.138" level="INFO">${HEADERS} = {'client_key': '61301299874ab200165f121c'}</msg>
<status status="PASS" starttime="20211108 14:39:19.137" endtime="20211108 14:39:19.138"/>
</kw>
<status status="PASS" starttime="20211108 14:39:11.252" endtime="20211108 14:39:19.138"/>
</kw>
<kw name="Back To The Past" library="Base">
<kw name="DELETE" library="RequestsLibrary">
<arg>${API_URL}/delorean</arg>
<arg>headers=${HEADERS}</arg>
<doc>Sends a DELETE request.</doc>
<msg timestamp="20211108 14:39:19.467" level="INFO">DELETE Request : url=http://marvel.qaninja.academy/delorean 
 path_url=/delorean 
 headers={'User-Agent': 'python-requests/2.26.0', 'Accept-Encoding': 'gzip, deflate', 'Accept': '*/*', 'Connection': 'keep-alive', 'client_key': '61301299874ab200165f121c', 'Content-Length': '0'} 
 body=None 
 </msg>
<msg timestamp="20211108 14:39:19.467" level="INFO">DELETE Response : url=http://marvel.qaninja.academy/delorean 
 status=200, reason=OK 
 headers={'Server': 'Cowboy', 'Connection': 'keep-alive', 'X-Powered-By': 'Express', 'Access-Control-Allow-Origin': '*', 'Content-Type': 'application/json; charset=utf-8', 'Content-Length': '31', 'Etag': 'W/"1f-ImqlboUfbv1n1FbEV48J/4RvhGg"', 'Date': 'Mon, 08 Nov 2021 17:39:19 GMT', 'Via': '1.1 vegur'} 
 body={"message":"Avengers Assemble"} 
 </msg>
<status status="PASS" starttime="20211108 14:39:19.138" endtime="20211108 14:39:19.467"/>
</kw>
<status status="PASS" starttime="20211108 14:39:19.138" endtime="20211108 14:39:19.467"/>
</kw>
<status status="PASS" starttime="20211108 14:39:11.252" endtime="20211108 14:39:19.467"/>
</kw>
<test id="s1-s1-t1" name="Deve cadastrar um personagem">
<kw name="Factory Star Lord" library="Guardians">
<var>&amp;{personagem}</var>
<msg timestamp="20211108 14:39:19.468" level="INFO">&amp;{personagem} = { name=Peter Quill | aliases=Star Lord | age=30 | team=Guardians of the Galaxy | active=True }</msg>
<status status="PASS" starttime="20211108 14:39:19.468" endtime="20211108 14:39:19.468"/>
</kw>
<kw name="POST New Character" library="Characters">
<var>${response}</var>
<arg>${personagem}</arg>
<kw name="POST" library="RequestsLibrary">
<var>${response}</var>
<arg>${API_URL}/characters/</arg>
<arg>json=${payload}</arg>
<arg>headers=${HEADERS}</arg>
<arg>expected_status=any</arg>
<doc>Sends a POST request.</doc>
<msg timestamp="20211108 14:39:19.796" level="INFO">POST Request : url=http://marvel.qaninja.academy/characters/ 
 path_url=/characters/ 
 headers={'User-Agent': 'python-requests/2.26.0', 'Accept-Encoding': 'gzip, deflate', 'Accept': '*/*', 'Connection': 'keep-alive', 'client_key': '61301299874ab200165f121c', 'Content-Length': '109', 'Content-Type': 'application/json'} 
 body=b'{"name": "Peter Quill", "aliases": "Star Lord", "age": 30, "team": "Guardians of the Galaxy", "active": true}' 
 </msg>
<msg timestamp="20211108 14:39:19.796" level="INFO">POST Response : url=http://marvel.qaninja.academy/characters/ 
 status=200, reason=OK 
 headers={'Server': 'Cowboy', 'Connection': 'keep-alive', 'X-Powered-By': 'Express', 'Access-Control-Allow-Origin': '*', 'Content-Type': 'application/json; charset=utf-8', 'Content-Length': '168', 'Etag': 'W/"a8-VFLoN6Ube2zt3WuVEGQrQ8IobGM"', 'Date': 'Mon, 08 Nov 2021 17:39:19 GMT', 'Via': '1.1 vegur'} 
 body={"_id":"618960c769c5820016084eff","name":"Peter Quill","age":30,"aliases":"Star Lord","team":"Guardians of the Galaxy","active":true,"owner":"61301299874ab200165f121c"} 
 </msg>
<msg timestamp="20211108 14:39:19.796" level="INFO">${response} = &lt;Response [200]&gt;</msg>
<status status="PASS" starttime="20211108 14:39:19.469" endtime="20211108 14:39:19.796"/>
</kw>
<msg timestamp="20211108 14:39:19.796" level="INFO">${response} = &lt;Response [200]&gt;</msg>
<status status="PASS" starttime="20211108 14:39:19.469" endtime="20211108 14:39:19.796"/>
</kw>
<kw name="Status Should Be" library="RequestsLibrary">
<arg>200</arg>
<arg>${response}</arg>
<doc>Fails if response status code is different than the expected.</doc>
<status status="PASS" starttime="20211108 14:39:19.798" endtime="20211108 14:39:19.798"/>
</kw>
<status status="PASS" starttime="20211108 14:39:19.467" endtime="20211108 14:39:19.799"/>
</test>
<test id="s1-s1-t2" name="Nao deve cadastrar com o mes nome">
<kw name="Factory Groot" library="Guardians">
<var>${personagem}</var>
<msg timestamp="20211108 14:39:19.803" level="INFO">${personagem} = {'name': 'Groot', 'aliases': 'Groot', 'age': 300, 'team': 'Guardians of the Galaxy', 'active': True}</msg>
<status status="PASS" starttime="20211108 14:39:19.803" endtime="20211108 14:39:19.803"/>
</kw>
<kw name="POST New Character" library="Characters">
<arg>${personagem}</arg>
<kw name="POST" library="RequestsLibrary">
<var>${response}</var>
<arg>${API_URL}/characters/</arg>
<arg>json=${payload}</arg>
<arg>headers=${HEADERS}</arg>
<arg>expected_status=any</arg>
<doc>Sends a POST request.</doc>
<msg timestamp="20211108 14:39:20.140" level="INFO">POST Request : url=http://marvel.qaninja.academy/characters/ 
 path_url=/characters/ 
 headers={'User-Agent': 'python-requests/2.26.0', 'Accept-Encoding': 'gzip, deflate', 'Accept': '*/*', 'Connection': 'keep-alive', 'client_key': '61301299874ab200165f121c', 'Content-Length': '100', 'Content-Type': 'application/json'} 
 body=b'{"name": "Groot", "aliases": "Groot", "age": 300, "team": "Guardians of the Galaxy", "active": true}' 
 </msg>
<msg timestamp="20211108 14:39:20.140" level="INFO">POST Response : url=http://marvel.qaninja.academy/characters/ 
 status=200, reason=OK 
 headers={'Server': 'Cowboy', 'Connection': 'keep-alive', 'X-Powered-By': 'Express', 'Access-Control-Allow-Origin': '*', 'Content-Type': 'application/json; charset=utf-8', 'Content-Length': '159', 'Etag': 'W/"9f-mmY9paTVuwUuLX0r/+JHeowF670"', 'Date': 'Mon, 08 Nov 2021 17:39:20 GMT', 'Via': '1.1 vegur'} 
 body={"_id":"618960c869c5820016084f03","name":"Groot","age":300,"aliases":"Groot","team":"Guardians of the Galaxy","active":true,"owner":"61301299874ab200165f121c"} 
 </msg>
<msg timestamp="20211108 14:39:20.140" level="INFO">${response} = &lt;Response [200]&gt;</msg>
<status status="PASS" starttime="20211108 14:39:19.804" endtime="20211108 14:39:20.141"/>
</kw>
<status status="PASS" starttime="20211108 14:39:19.804" endtime="20211108 14:39:20.141"/>
</kw>
<kw name="POST New Character" library="Characters">
<var>${response}</var>
<arg>${personagem}</arg>
<kw name="POST" library="RequestsLibrary">
<var>${response}</var>
<arg>${API_URL}/characters/</arg>
<arg>json=${payload}</arg>
<arg>headers=${HEADERS}</arg>
<arg>expected_status=any</arg>
<doc>Sends a POST request.</doc>
<msg timestamp="20211108 14:39:20.458" level="INFO">POST Request : url=http://marvel.qaninja.academy/characters/ 
 path_url=/characters/ 
 headers={'User-Agent': 'python-requests/2.26.0', 'Accept-Encoding': 'gzip, deflate', 'Accept': '*/*', 'Connection': 'keep-alive', 'client_key': '61301299874ab200165f121c', 'Content-Length': '100', 'Content-Type': 'application/json'} 
 body=b'{"name": "Groot", "aliases": "Groot", "age": 300, "team": "Guardians of the Galaxy", "active": true}' 
 </msg>
<msg timestamp="20211108 14:39:20.458" level="INFO">POST Response : url=http://marvel.qaninja.academy/characters/ 
 status=409, reason=Conflict 
 headers={'Server': 'Cowboy', 'Connection': 'keep-alive', 'X-Powered-By': 'Express', 'Access-Control-Allow-Origin': '*', 'Content-Type': 'application/json; charset=utf-8', 'Content-Length': '39', 'Etag': 'W/"27-u8CjYCAAYHK/l+EQR0JyKi0LQGU"', 'Date': 'Mon, 08 Nov 2021 17:39:20 GMT', 'Via': '1.1 vegur'} 
 body={"error":"Character already exists :("} 
 </msg>
<msg timestamp="20211108 14:39:20.458" level="INFO">${response} = &lt;Response [409]&gt;</msg>
<status status="PASS" starttime="20211108 14:39:20.142" endtime="20211108 14:39:20.458"/>
</kw>
<msg timestamp="20211108 14:39:20.459" level="INFO">${response} = &lt;Response [409]&gt;</msg>
<status status="PASS" starttime="20211108 14:39:20.142" endtime="20211108 14:39:20.459"/>
</kw>
<kw name="Status Should Be" library="RequestsLibrary">
<arg>409</arg>
<arg>${response}</arg>
<doc>Fails if response status code is different than the expected.</doc>
<status status="PASS" starttime="20211108 14:39:20.460" endtime="20211108 14:39:20.460"/>
</kw>
<kw name="Should Be Equal" library="BuiltIn">
<arg>${response.json()}[error]</arg>
<arg>Character already exists :(</arg>
<doc>Fails if the given objects are unequal.</doc>
<status status="PASS" starttime="20211108 14:39:20.460" endtime="20211108 14:39:20.461"/>
</kw>
<tag>dup</tag>
<status status="PASS" starttime="20211108 14:39:19.803" endtime="20211108 14:39:20.462"/>
</test>
<doc>Suite de Teste do cadastro de personagens na API da Marvel</doc>
<status status="PASS" starttime="20211108 14:39:10.990" endtime="20211108 14:39:20.464"/>
</suite>
<suite id="s1-s2" name="RemoveCharacters" source="D:\prgramacion\rfw\Test API da Mavel API\specs\RemoveCharacters.robot">
<kw name="Super Setup" library="Base" type="SETUP">
<arg>emma1909@hotmail.com</arg>
<kw name="Set Client Key" library="Base">
<arg>${e-mail}</arg>
<kw name="Create Dictionary" library="BuiltIn">
<var>&amp;{usuario}</var>
<arg>email=${email}</arg>
<doc>Creates and returns a dictionary based on the given ``items``.</doc>
<msg timestamp="20211108 14:39:20.478" level="INFO">&amp;{usuario} = { email=emma1909@hotmail.com }</msg>
<status status="PASS" starttime="20211108 14:39:20.478" endtime="20211108 14:39:20.478"/>
</kw>
<kw name="POST" library="RequestsLibrary">
<var>${response}</var>
<arg>${API_URL}/accounts</arg>
<arg>json=${usuario}</arg>
<doc>Sends a POST request.</doc>
<msg timestamp="20211108 14:39:20.787" level="INFO">POST Request : url=http://marvel.qaninja.academy/accounts 
 path_url=/accounts 
 headers={'User-Agent': 'python-requests/2.26.0', 'Accept-Encoding': 'gzip, deflate', 'Accept': '*/*', 'Connection': 'keep-alive', 'Content-Length': '33', 'Content-Type': 'application/json'} 
 body=b'{"email": "emma1909@hotmail.com"}' 
 </msg>
<msg timestamp="20211108 14:39:20.787" level="INFO">POST Response : url=http://marvel.qaninja.academy/accounts 
 status=200, reason=OK 
 headers={'Server': 'Cowboy', 'Connection': 'keep-alive', 'X-Powered-By': 'Express', 'Access-Control-Allow-Origin': '*', 'Content-Type': 'application/json; charset=utf-8', 'Content-Length': '41', 'Etag': 'W/"29-+89bLM9QkRG31C+H8nwGsRRFuaM"', 'Date': 'Mon, 08 Nov 2021 17:39:20 GMT', 'Via': '1.1 vegur'} 
 body={"client_key":"613f5d563f8d1d0016640da3"} 
 </msg>
<msg timestamp="20211108 14:39:20.788" level="INFO">${response} = &lt;Response [200]&gt;</msg>
<status status="PASS" starttime="20211108 14:39:20.478" endtime="20211108 14:39:20.788"/>
</kw>
<kw name="Set Variable" library="BuiltIn">
<var>${client_key}</var>
<arg>${response.json()}[client_key]</arg>
<doc>Returns the given values which can then be assigned to a variables.</doc>
<msg timestamp="20211108 14:39:20.788" level="INFO">${client_key} = 613f5d563f8d1d0016640da3</msg>
<status status="PASS" starttime="20211108 14:39:20.788" endtime="20211108 14:39:20.788"/>
</kw>
<kw name="Create Dictionary" library="BuiltIn">
<var>&amp;{HEADERS}</var>
<arg>client_key=${client_key}</arg>
<doc>Creates and returns a dictionary based on the given ``items``.</doc>
<msg timestamp="20211108 14:39:20.789" level="INFO">&amp;{HEADERS} = { client_key=613f5d563f8d1d0016640da3 }</msg>
<status status="PASS" starttime="20211108 14:39:20.788" endtime="20211108 14:39:20.789"/>
</kw>
<kw name="Set Suite Variable" library="BuiltIn">
<arg>${HEADERS}</arg>
<doc>Makes a variable available everywhere within the scope of the current suite.</doc>
<msg timestamp="20211108 14:39:20.789" level="INFO">${HEADERS} = {'client_key': '613f5d563f8d1d0016640da3'}</msg>
<status status="PASS" starttime="20211108 14:39:20.789" endtime="20211108 14:39:20.789"/>
</kw>
<status status="PASS" starttime="20211108 14:39:20.477" endtime="20211108 14:39:20.789"/>
</kw>
<kw name="Back To The Past" library="Base">
<kw name="DELETE" library="RequestsLibrary">
<arg>${API_URL}/delorean</arg>
<arg>headers=${HEADERS}</arg>
<doc>Sends a DELETE request.</doc>
<msg timestamp="20211108 14:39:21.094" level="INFO">DELETE Request : url=http://marvel.qaninja.academy/delorean 
 path_url=/delorean 
 headers={'User-Agent': 'python-requests/2.26.0', 'Accept-Encoding': 'gzip, deflate', 'Accept': '*/*', 'Connection': 'keep-alive', 'client_key': '613f5d563f8d1d0016640da3', 'Content-Length': '0'} 
 body=None 
 </msg>
<msg timestamp="20211108 14:39:21.094" level="INFO">DELETE Response : url=http://marvel.qaninja.academy/delorean 
 status=200, reason=OK 
 headers={'Server': 'Cowboy', 'Connection': 'keep-alive', 'X-Powered-By': 'Express', 'Access-Control-Allow-Origin': '*', 'Content-Type': 'application/json; charset=utf-8', 'Content-Length': '31', 'Etag': 'W/"1f-ImqlboUfbv1n1FbEV48J/4RvhGg"', 'Date': 'Mon, 08 Nov 2021 17:39:20 GMT', 'Via': '1.1 vegur'} 
 body={"message":"Avengers Assemble"} 
 </msg>
<status status="PASS" starttime="20211108 14:39:20.790" endtime="20211108 14:39:21.094"/>
</kw>
<status status="PASS" starttime="20211108 14:39:20.789" endtime="20211108 14:39:21.095"/>
</kw>
<status status="PASS" starttime="20211108 14:39:20.477" endtime="20211108 14:39:21.095"/>
</kw>
<test id="s1-s2-t1" name="Deve buscar um personagem pelo ID">
<kw name="Factory Ciclope" library="X-men">
<var>${personagem}</var>
<msg timestamp="20211108 14:39:21.096" level="INFO">${personagem} = {'name': 'Ciclope', 'aliases': 'Ciclope', 'age': 25, 'team': 'X-Men', 'active': True}</msg>
<status status="PASS" starttime="20211108 14:39:21.096" endtime="20211108 14:39:21.096"/>
</kw>
<kw name="POST New Character" library="Characters">
<var>${ciclope}</var>
<arg>${personagem}</arg>
<kw name="POST" library="RequestsLibrary">
<var>${response}</var>
<arg>${API_URL}/characters/</arg>
<arg>json=${payload}</arg>
<arg>headers=${HEADERS}</arg>
<arg>expected_status=any</arg>
<doc>Sends a POST request.</doc>
<msg timestamp="20211108 14:39:21.416" level="INFO">POST Request : url=http://marvel.qaninja.academy/characters/ 
 path_url=/characters/ 
 headers={'User-Agent': 'python-requests/2.26.0', 'Accept-Encoding': 'gzip, deflate', 'Accept': '*/*', 'Connection': 'keep-alive', 'client_key': '613f5d563f8d1d0016640da3', 'Content-Length': '85', 'Content-Type': 'application/json'} 
 body=b'{"name": "Ciclope", "aliases": "Ciclope", "age": 25, "team": "X-Men", "active": true}' 
 </msg>
<msg timestamp="20211108 14:39:21.416" level="INFO">POST Response : url=http://marvel.qaninja.academy/characters/ 
 status=200, reason=OK 
 headers={'Server': 'Cowboy', 'Connection': 'keep-alive', 'X-Powered-By': 'Express', 'Access-Control-Allow-Origin': '*', 'Content-Type': 'application/json; charset=utf-8', 'Content-Length': '144', 'Etag': 'W/"90-Et7Cuz49OBUD4Hnx1F4eTnvsaL4"', 'Date': 'Mon, 08 Nov 2021 17:39:21 GMT', 'Via': '1.1 vegur'} 
 body={"_id":"618960c969c5820016084f0c","name":"Ciclope","age":25,"aliases":"Ciclope","team":"X-Men","active":true,"owner":"613f5d563f8d1d0016640da3"} 
 </msg>
<msg timestamp="20211108 14:39:21.417" level="INFO">${response} = &lt;Response [200]&gt;</msg>
<status status="PASS" starttime="20211108 14:39:21.097" endtime="20211108 14:39:21.417"/>
</kw>
<msg timestamp="20211108 14:39:21.417" level="INFO">${ciclope} = &lt;Response [200]&gt;</msg>
<status status="PASS" starttime="20211108 14:39:21.097" endtime="20211108 14:39:21.417"/>
</kw>
<kw name="Set Variable" library="BuiltIn">
<var>${ciclope_id}</var>
<arg>${ciclope.json()}[_id]</arg>
<doc>Returns the given values which can then be assigned to a variables.</doc>
<msg timestamp="20211108 14:39:21.418" level="INFO">${ciclope_id} = 618960c969c5820016084f0c</msg>
<status status="PASS" starttime="20211108 14:39:21.418" endtime="20211108 14:39:21.418"/>
</kw>
<kw name="DELETE Character By ID" library="Characters">
<var>${response}</var>
<arg>${ciclope_id}</arg>
<kw name="DELETE" library="RequestsLibrary">
<var>${response}</var>
<arg>${API_URL}/characters/${character_id}</arg>
<arg>headers=${HEADERS}</arg>
<arg>expected_status=any</arg>
<doc>Sends a DELETE request.</doc>
<msg timestamp="20211108 14:39:21.735" level="INFO">DELETE Request : url=http://marvel.qaninja.academy/characters/618960c969c5820016084f0c 
 path_url=/characters/618960c969c5820016084f0c 
 headers={'User-Agent': 'python-requests/2.26.0', 'Accept-Encoding': 'gzip, deflate', 'Accept': '*/*', 'Connection': 'keep-alive', 'client_key': '613f5d563f8d1d0016640da3', 'Content-Length': '0'} 
 body=None 
 </msg>
<msg timestamp="20211108 14:39:21.735" level="INFO">DELETE Response : url=http://marvel.qaninja.academy/characters/618960c969c5820016084f0c 
 status=204, reason=No Content 
 headers={'Server': 'Cowboy', 'Content-Length': '0', 'Connection': 'keep-alive', 'X-Powered-By': 'Express', 'Access-Control-Allow-Origin': '*', 'Date': 'Mon, 08 Nov 2021 17:39:21 GMT', 'Via': '1.1 vegur'} 
 body=None 
 </msg>
<msg timestamp="20211108 14:39:21.736" level="INFO">${response} = &lt;Response [204]&gt;</msg>
<status status="PASS" starttime="20211108 14:39:21.419" endtime="20211108 14:39:21.736"/>
</kw>
<msg timestamp="20211108 14:39:21.736" level="INFO">${response} = &lt;Response [204]&gt;</msg>
<status status="PASS" starttime="20211108 14:39:21.419" endtime="20211108 14:39:21.736"/>
</kw>
<kw name="Status Should Be" library="RequestsLibrary">
<arg>204</arg>
<arg>${response}</arg>
<doc>Fails if response status code is different than the expected.</doc>
<status status="PASS" starttime="20211108 14:39:21.737" endtime="20211108 14:39:21.737"/>
</kw>
<kw name="GET Character By ID" library="Characters">
<var>${response2}</var>
<arg>${ciclope_id}</arg>
<kw name="GET" library="RequestsLibrary">
<var>${response}</var>
<arg>${API_URL}/characters/${character_id}</arg>
<arg>headers=${HEADERS}</arg>
<arg>expected_status=any</arg>
<doc>Sends a GET request.</doc>
<msg timestamp="20211108 14:39:22.057" level="INFO">GET Request : url=http://marvel.qaninja.academy/characters/618960c969c5820016084f0c 
 path_url=/characters/618960c969c5820016084f0c 
 headers={'User-Agent': 'python-requests/2.26.0', 'Accept-Encoding': 'gzip, deflate', 'Accept': '*/*', 'Connection': 'keep-alive', 'client_key': '613f5d563f8d1d0016640da3'} 
 body=None 
 </msg>
<msg timestamp="20211108 14:39:22.057" level="INFO">GET Response : url=http://marvel.qaninja.academy/characters/618960c969c5820016084f0c 
 status=404, reason=Not Found 
 headers={'Server': 'Cowboy', 'Connection': 'keep-alive', 'X-Powered-By': 'Express', 'Access-Control-Allow-Origin': '*', 'Date': 'Mon, 08 Nov 2021 17:39:21 GMT', 'Content-Length': '0', 'Via': '1.1 vegur'} 
 body=None 
 </msg>
<msg timestamp="20211108 14:39:22.057" level="INFO">${response} = &lt;Response [404]&gt;</msg>
<status status="PASS" starttime="20211108 14:39:21.738" endtime="20211108 14:39:22.057"/>
</kw>
<msg timestamp="20211108 14:39:22.057" level="INFO">${response2} = &lt;Response [404]&gt;</msg>
<status status="PASS" starttime="20211108 14:39:21.738" endtime="20211108 14:39:22.057"/>
</kw>
<kw name="Status Should Be" library="RequestsLibrary">
<arg>404</arg>
<arg>${response2}</arg>
<doc>Fails if response status code is different than the expected.</doc>
<status status="PASS" starttime="20211108 14:39:22.058" endtime="20211108 14:39:22.059"/>
</kw>
<status status="PASS" starttime="20211108 14:39:21.095" endtime="20211108 14:39:22.059"/>
</test>
<test id="s1-s2-t2" name="Nao deve encontrar o personagem pelo ID inexistente">
<kw name="Get Unique Id" library="Helpers">
<var>${personagem_id}</var>
<msg timestamp="20211108 14:39:22.061" level="INFO">${personagem_id} = 618960ca7fd9fa08dc800380</msg>
<status status="PASS" starttime="20211108 14:39:22.061" endtime="20211108 14:39:22.061"/>
</kw>
<kw name="DELETE Character By ID" library="Characters">
<var>${response}</var>
<arg>${personagem_id}</arg>
<kw name="DELETE" library="RequestsLibrary">
<var>${response}</var>
<arg>${API_URL}/characters/${character_id}</arg>
<arg>headers=${HEADERS}</arg>
<arg>expected_status=any</arg>
<doc>Sends a DELETE request.</doc>
<msg timestamp="20211108 14:39:22.383" level="INFO">DELETE Request : url=http://marvel.qaninja.academy/characters/618960ca7fd9fa08dc800380 
 path_url=/characters/618960ca7fd9fa08dc800380 
 headers={'User-Agent': 'python-requests/2.26.0', 'Accept-Encoding': 'gzip, deflate', 'Accept': '*/*', 'Connection': 'keep-alive', 'client_key': '613f5d563f8d1d0016640da3', 'Content-Length': '0'} 
 body=None 
 </msg>
<msg timestamp="20211108 14:39:22.383" level="INFO">DELETE Response : url=http://marvel.qaninja.academy/characters/618960ca7fd9fa08dc800380 
 status=404, reason=Not Found 
 headers={'Server': 'Cowboy', 'Connection': 'keep-alive', 'X-Powered-By': 'Express', 'Access-Control-Allow-Origin': '*', 'Date': 'Mon, 08 Nov 2021 17:39:22 GMT', 'Content-Length': '0', 'Via': '1.1 vegur'} 
 body=None 
 </msg>
<msg timestamp="20211108 14:39:22.383" level="INFO">${response} = &lt;Response [404]&gt;</msg>
<status status="PASS" starttime="20211108 14:39:22.062" endtime="20211108 14:39:22.384"/>
</kw>
<msg timestamp="20211108 14:39:22.384" level="INFO">${response} = &lt;Response [404]&gt;</msg>
<status status="PASS" starttime="20211108 14:39:22.062" endtime="20211108 14:39:22.384"/>
</kw>
<kw name="Status Should Be" library="RequestsLibrary">
<arg>404</arg>
<arg>${response}</arg>
<doc>Fails if response status code is different than the expected.</doc>
<status status="PASS" starttime="20211108 14:39:22.385" endtime="20211108 14:39:22.385"/>
</kw>
<status status="PASS" starttime="20211108 14:39:22.061" endtime="20211108 14:39:22.386"/>
</test>
<doc>Suite de Teste de exclusão de personagens na API da Marvel</doc>
<status status="PASS" starttime="20211108 14:39:20.466" endtime="20211108 14:39:22.388"/>
</suite>
<suite id="s1-s3" name="SearchCharacters" source="D:\prgramacion\rfw\Test API da Mavel API\specs\SearchCharacters.robot">
<kw name="Super Setup" library="Base" type="SETUP">
<arg>emma1909@yahoo.com</arg>
<kw name="Set Client Key" library="Base">
<arg>${e-mail}</arg>
<kw name="Create Dictionary" library="BuiltIn">
<var>&amp;{usuario}</var>
<arg>email=${email}</arg>
<doc>Creates and returns a dictionary based on the given ``items``.</doc>
<msg timestamp="20211108 14:39:22.398" level="INFO">&amp;{usuario} = { email=emma1909@yahoo.com }</msg>
<status status="PASS" starttime="20211108 14:39:22.398" endtime="20211108 14:39:22.398"/>
</kw>
<kw name="POST" library="RequestsLibrary">
<var>${response}</var>
<arg>${API_URL}/accounts</arg>
<arg>json=${usuario}</arg>
<doc>Sends a POST request.</doc>
<msg timestamp="20211108 14:39:22.712" level="INFO">POST Request : url=http://marvel.qaninja.academy/accounts 
 path_url=/accounts 
 headers={'User-Agent': 'python-requests/2.26.0', 'Accept-Encoding': 'gzip, deflate', 'Accept': '*/*', 'Connection': 'keep-alive', 'Content-Length': '31', 'Content-Type': 'application/json'} 
 body=b'{"email": "emma1909@yahoo.com"}' 
 </msg>
<msg timestamp="20211108 14:39:22.712" level="INFO">POST Response : url=http://marvel.qaninja.academy/accounts 
 status=200, reason=OK 
 headers={'Server': 'Cowboy', 'Connection': 'keep-alive', 'X-Powered-By': 'Express', 'Access-Control-Allow-Origin': '*', 'Content-Type': 'application/json; charset=utf-8', 'Content-Length': '41', 'Etag': 'W/"29-A2TLJiSjG8OnzHeSwrqZHCFu4Us"', 'Date': 'Mon, 08 Nov 2021 17:39:22 GMT', 'Via': '1.1 vegur'} 
 body={"client_key":"613f5e1a3f8d1d0016640dee"} 
 </msg>
<msg timestamp="20211108 14:39:22.712" level="INFO">${response} = &lt;Response [200]&gt;</msg>
<status status="PASS" starttime="20211108 14:39:22.398" endtime="20211108 14:39:22.712"/>
</kw>
<kw name="Set Variable" library="BuiltIn">
<var>${client_key}</var>
<arg>${response.json()}[client_key]</arg>
<doc>Returns the given values which can then be assigned to a variables.</doc>
<msg timestamp="20211108 14:39:22.713" level="INFO">${client_key} = 613f5e1a3f8d1d0016640dee</msg>
<status status="PASS" starttime="20211108 14:39:22.712" endtime="20211108 14:39:22.713"/>
</kw>
<kw name="Create Dictionary" library="BuiltIn">
<var>&amp;{HEADERS}</var>
<arg>client_key=${client_key}</arg>
<doc>Creates and returns a dictionary based on the given ``items``.</doc>
<msg timestamp="20211108 14:39:22.713" level="INFO">&amp;{HEADERS} = { client_key=613f5e1a3f8d1d0016640dee }</msg>
<status status="PASS" starttime="20211108 14:39:22.713" endtime="20211108 14:39:22.713"/>
</kw>
<kw name="Set Suite Variable" library="BuiltIn">
<arg>${HEADERS}</arg>
<doc>Makes a variable available everywhere within the scope of the current suite.</doc>
<msg timestamp="20211108 14:39:22.714" level="INFO">${HEADERS} = {'client_key': '613f5e1a3f8d1d0016640dee'}</msg>
<status status="PASS" starttime="20211108 14:39:22.714" endtime="20211108 14:39:22.714"/>
</kw>
<status status="PASS" starttime="20211108 14:39:22.398" endtime="20211108 14:39:22.714"/>
</kw>
<kw name="Back To The Past" library="Base">
<kw name="DELETE" library="RequestsLibrary">
<arg>${API_URL}/delorean</arg>
<arg>headers=${HEADERS}</arg>
<doc>Sends a DELETE request.</doc>
<msg timestamp="20211108 14:39:23.018" level="INFO">DELETE Request : url=http://marvel.qaninja.academy/delorean 
 path_url=/delorean 
 headers={'User-Agent': 'python-requests/2.26.0', 'Accept-Encoding': 'gzip, deflate', 'Accept': '*/*', 'Connection': 'keep-alive', 'client_key': '613f5e1a3f8d1d0016640dee', 'Content-Length': '0'} 
 body=None 
 </msg>
<msg timestamp="20211108 14:39:23.018" level="INFO">DELETE Response : url=http://marvel.qaninja.academy/delorean 
 status=200, reason=OK 
 headers={'Server': 'Cowboy', 'Connection': 'keep-alive', 'X-Powered-By': 'Express', 'Access-Control-Allow-Origin': '*', 'Content-Type': 'application/json; charset=utf-8', 'Content-Length': '31', 'Etag': 'W/"1f-ImqlboUfbv1n1FbEV48J/4RvhGg"', 'Date': 'Mon, 08 Nov 2021 17:39:22 GMT', 'Via': '1.1 vegur'} 
 body={"message":"Avengers Assemble"} 
 </msg>
<status status="PASS" starttime="20211108 14:39:22.714" endtime="20211108 14:39:23.018"/>
</kw>
<status status="PASS" starttime="20211108 14:39:22.714" endtime="20211108 14:39:23.019"/>
</kw>
<status status="PASS" starttime="20211108 14:39:22.397" endtime="20211108 14:39:23.019"/>
</kw>
<test id="s1-s3-t1" name="Deve buscar um personagem pelo ID">
<kw name="Factory Logan" library="X-men">
<var>${personagem}</var>
<msg timestamp="20211108 14:39:23.020" level="INFO">${personagem} = {'name': 'Logan', 'aliases': 'Wolverine', 'age': 100, 'team': 'X-Men', 'active': True}</msg>
<status status="PASS" starttime="20211108 14:39:23.020" endtime="20211108 14:39:23.020"/>
</kw>
<kw name="POST New Character" library="Characters">
<var>${logan}</var>
<arg>${personagem}</arg>
<kw name="POST" library="RequestsLibrary">
<var>${response}</var>
<arg>${API_URL}/characters/</arg>
<arg>json=${payload}</arg>
<arg>headers=${HEADERS}</arg>
<arg>expected_status=any</arg>
<doc>Sends a POST request.</doc>
<msg timestamp="20211108 14:39:23.342" level="INFO">POST Request : url=http://marvel.qaninja.academy/characters/ 
 path_url=/characters/ 
 headers={'User-Agent': 'python-requests/2.26.0', 'Accept-Encoding': 'gzip, deflate', 'Accept': '*/*', 'Connection': 'keep-alive', 'client_key': '613f5e1a3f8d1d0016640dee', 'Content-Length': '86', 'Content-Type': 'application/json'} 
 body=b'{"name": "Logan", "aliases": "Wolverine", "age": 100, "team": "X-Men", "active": true}' 
 </msg>
<msg timestamp="20211108 14:39:23.342" level="INFO">POST Response : url=http://marvel.qaninja.academy/characters/ 
 status=200, reason=OK 
 headers={'Server': 'Cowboy', 'Connection': 'keep-alive', 'X-Powered-By': 'Express', 'Access-Control-Allow-Origin': '*', 'Content-Type': 'application/json; charset=utf-8', 'Content-Length': '145', 'Etag': 'W/"91-PjWMYx8y9ue4pwAfpBh9wHBcC9Q"', 'Date': 'Mon, 08 Nov 2021 17:39:23 GMT', 'Via': '1.1 vegur'} 
 body={"_id":"618960cb69c5820016084f1a","name":"Logan","age":100,"aliases":"Wolverine","team":"X-Men","active":true,"owner":"613f5e1a3f8d1d0016640dee"} 
 </msg>
<msg timestamp="20211108 14:39:23.342" level="INFO">${response} = &lt;Response [200]&gt;</msg>
<status status="PASS" starttime="20211108 14:39:23.021" endtime="20211108 14:39:23.342"/>
</kw>
<msg timestamp="20211108 14:39:23.343" level="INFO">${logan} = &lt;Response [200]&gt;</msg>
<status status="PASS" starttime="20211108 14:39:23.021" endtime="20211108 14:39:23.343"/>
</kw>
<kw name="Set Variable" library="BuiltIn">
<var>${logan_id}</var>
<arg>${logan.json()}[_id]</arg>
<doc>Returns the given values which can then be assigned to a variables.</doc>
<msg timestamp="20211108 14:39:23.345" level="INFO">${logan_id} = 618960cb69c5820016084f1a</msg>
<status status="PASS" starttime="20211108 14:39:23.344" endtime="20211108 14:39:23.345"/>
</kw>
<kw name="GET Character By ID" library="Characters">
<var>${response}</var>
<arg>${logan_id}</arg>
<kw name="GET" library="RequestsLibrary">
<var>${response}</var>
<arg>${API_URL}/characters/${character_id}</arg>
<arg>headers=${HEADERS}</arg>
<arg>expected_status=any</arg>
<doc>Sends a GET request.</doc>
<msg timestamp="20211108 14:39:23.652" level="INFO">GET Request : url=http://marvel.qaninja.academy/characters/618960cb69c5820016084f1a 
 path_url=/characters/618960cb69c5820016084f1a 
 headers={'User-Agent': 'python-requests/2.26.0', 'Accept-Encoding': 'gzip, deflate', 'Accept': '*/*', 'Connection': 'keep-alive', 'client_key': '613f5e1a3f8d1d0016640dee'} 
 body=None 
 </msg>
<msg timestamp="20211108 14:39:23.652" level="INFO">GET Response : url=http://marvel.qaninja.academy/characters/618960cb69c5820016084f1a 
 status=200, reason=OK 
 headers={'Server': 'Cowboy', 'Connection': 'keep-alive', 'X-Powered-By': 'Express', 'Access-Control-Allow-Origin': '*', 'Content-Type': 'application/json; charset=utf-8', 'Content-Length': '145', 'Etag': 'W/"91-PjWMYx8y9ue4pwAfpBh9wHBcC9Q"', 'Date': 'Mon, 08 Nov 2021 17:39:23 GMT', 'Via': '1.1 vegur'} 
 body={"_id":"618960cb69c5820016084f1a","name":"Logan","age":100,"aliases":"Wolverine","team":"X-Men","active":true,"owner":"613f5e1a3f8d1d0016640dee"} 
 </msg>
<msg timestamp="20211108 14:39:23.652" level="INFO">${response} = &lt;Response [200]&gt;</msg>
<status status="PASS" starttime="20211108 14:39:23.346" endtime="20211108 14:39:23.653"/>
</kw>
<msg timestamp="20211108 14:39:23.653" level="INFO">${response} = &lt;Response [200]&gt;</msg>
<status status="PASS" starttime="20211108 14:39:23.345" endtime="20211108 14:39:23.653"/>
</kw>
<kw name="Status Should Be" library="RequestsLibrary">
<arg>200</arg>
<arg>${response}</arg>
<doc>Fails if response status code is different than the expected.</doc>
<status status="PASS" starttime="20211108 14:39:23.654" endtime="20211108 14:39:23.654"/>
</kw>
<kw name="Should Be Equal" library="BuiltIn">
<arg>${logan.json()}[name]</arg>
<arg>${personagem}[name]</arg>
<doc>Fails if the given objects are unequal.</doc>
<status status="PASS" starttime="20211108 14:39:23.655" endtime="20211108 14:39:23.655"/>
</kw>
<kw name="Should Be Equal" library="BuiltIn">
<arg>${logan.json()}[aliases]</arg>
<arg>${personagem}[aliases]</arg>
<doc>Fails if the given objects are unequal.</doc>
<status status="PASS" starttime="20211108 14:39:23.656" endtime="20211108 14:39:23.656"/>
</kw>
<kw name="Should Be Equal" library="BuiltIn">
<arg>${logan.json()}[age]</arg>
<arg>${personagem}[age]</arg>
<doc>Fails if the given objects are unequal.</doc>
<status status="PASS" starttime="20211108 14:39:23.657" endtime="20211108 14:39:23.657"/>
</kw>
<kw name="Should Be Equal" library="BuiltIn">
<arg>${logan.json()}[team]</arg>
<arg>${personagem}[team]</arg>
<doc>Fails if the given objects are unequal.</doc>
<status status="PASS" starttime="20211108 14:39:23.658" endtime="20211108 14:39:23.658"/>
</kw>
<kw name="Should Be Equal" library="BuiltIn">
<arg>${logan.json()}[active]</arg>
<arg>${personagem}[active]</arg>
<doc>Fails if the given objects are unequal.</doc>
<status status="PASS" starttime="20211108 14:39:23.659" endtime="20211108 14:39:23.660"/>
</kw>
<status status="PASS" starttime="20211108 14:39:23.019" endtime="20211108 14:39:23.660"/>
</test>
<test id="s1-s3-t2" name="Nao deve retornar o personagem pelo ID">
<kw name="Get Unique Id" library="Helpers">
<var>${personagem_id}</var>
<msg timestamp="20211108 14:39:23.663" level="INFO">${personagem_id} = 618960cb7fd9fa08dc800381</msg>
<status status="PASS" starttime="20211108 14:39:23.663" endtime="20211108 14:39:23.663"/>
</kw>
<kw name="GET Character By ID" library="Characters">
<var>${response}</var>
<arg>${personagem_id}</arg>
<kw name="GET" library="RequestsLibrary">
<var>${response}</var>
<arg>${API_URL}/characters/${character_id}</arg>
<arg>headers=${HEADERS}</arg>
<arg>expected_status=any</arg>
<doc>Sends a GET request.</doc>
<msg timestamp="20211108 14:39:23.979" level="INFO">GET Request : url=http://marvel.qaninja.academy/characters/618960cb7fd9fa08dc800381 
 path_url=/characters/618960cb7fd9fa08dc800381 
 headers={'User-Agent': 'python-requests/2.26.0', 'Accept-Encoding': 'gzip, deflate', 'Accept': '*/*', 'Connection': 'keep-alive', 'client_key': '613f5e1a3f8d1d0016640dee'} 
 body=None 
 </msg>
<msg timestamp="20211108 14:39:23.979" level="INFO">GET Response : url=http://marvel.qaninja.academy/characters/618960cb7fd9fa08dc800381 
 status=404, reason=Not Found 
 headers={'Server': 'Cowboy', 'Connection': 'keep-alive', 'X-Powered-By': 'Express', 'Access-Control-Allow-Origin': '*', 'Date': 'Mon, 08 Nov 2021 17:39:23 GMT', 'Content-Length': '0', 'Via': '1.1 vegur'} 
 body=None 
 </msg>
<msg timestamp="20211108 14:39:23.979" level="INFO">${response} = &lt;Response [404]&gt;</msg>
<status status="PASS" starttime="20211108 14:39:23.664" endtime="20211108 14:39:23.979"/>
</kw>
<msg timestamp="20211108 14:39:23.980" level="INFO">${response} = &lt;Response [404]&gt;</msg>
<status status="PASS" starttime="20211108 14:39:23.663" endtime="20211108 14:39:23.980"/>
</kw>
<kw name="Status Should Be" library="RequestsLibrary">
<arg>404</arg>
<arg>${response}</arg>
<doc>Fails if response status code is different than the expected.</doc>
<status status="PASS" starttime="20211108 14:39:23.981" endtime="20211108 14:39:23.981"/>
</kw>
<status status="PASS" starttime="20211108 14:39:23.662" endtime="20211108 14:39:23.982"/>
</test>
<doc>Suite de Teste de busca de personagens na API da Marvel</doc>
<status status="PASS" starttime="20211108 14:39:22.389" endtime="20211108 14:39:23.983"/>
</suite>
<status status="PASS" starttime="20211108 14:39:10.957" endtime="20211108 14:39:23.986"/>
</suite>
<statistics>
<total>
<stat pass="6" fail="0" skip="0">All Tests</stat>
</total>
<tag>
<stat pass="1" fail="0" skip="0">dup</stat>
</tag>
<suite>
<stat pass="6" fail="0" skip="0" id="s1" name="Specs">Specs</stat>
<stat pass="2" fail="0" skip="0" id="s1-s1" name="CreateCharacters">Specs.CreateCharacters</stat>
<stat pass="2" fail="0" skip="0" id="s1-s2" name="RemoveCharacters">Specs.RemoveCharacters</stat>
<stat pass="2" fail="0" skip="0" id="s1-s3" name="SearchCharacters">Specs.SearchCharacters</stat>
</suite>
</statistics>
<errors>
</errors>
</robot>
